Using pre-set license
Built from '2020.2/staging' branch; Version is '2020.2.3f1 (8ff31bc5bf5b) revision 9433883'; Using compiler version '192528614'; Build Type 'Release'
OS: 'Windows 10 Pro; OS build 18363.1500; Version 1909; 64bit' Language: 'en' Physical Memory: 12169 MB
BatchMode: 1, IsHumanControllingUs: 0, StartBugReporterOnCrash: 0, Is64bit: 1, IsPro: 0

 COMMAND LINE ARGUMENTS:
D:\Unity\2020.2.3f1\Editor\Unity.exe
-adb2
-batchMode
-noUpm
-name
AssetImportWorker0
-projectPath
D:/DATN/NetworkingTutorial
-logFile
Logs/AssetImportWorker0.log
-srvPort
3372
Successfully changed project path to: D:/DATN/NetworkingTutorial
D:/DATN/NetworkingTutorial
Using Asset Import Pipeline V2.
Refreshing native plugins compatible for Editor in 109.18 ms, found 0 plugins.
Preloading 0 native plugins for Editor in 0.00 ms.
Initialize engine version: 2020.2.3f1 (8ff31bc5bf5b)
[Subsystems] Discovering subsystems at path D:/Unity/2020.2.3f1/Editor/Data/Resources/UnitySubsystems
[Subsystems] Discovering subsystems at path D:/DATN/NetworkingTutorial/Assets
GfxDevice: creating device client; threaded=0
Direct3D:
    Version:  Direct3D 11.0 [level 11.1]
    Renderer: Intel(R) UHD Graphics 620 (ID=0x5917)
    Vendor:   
    VRAM:     6084 MB
    Driver:   26.20.100.7263
Initialize mono
Mono path[0] = 'D:/Unity/2020.2.3f1/Editor/Data/Managed'
Mono path[1] = 'D:/Unity/2020.2.3f1/Editor/Data/MonoBleedingEdge/lib/mono/unityjit'
Mono config path = 'D:/Unity/2020.2.3f1/Editor/Data/MonoBleedingEdge/etc'
Using monoOptions --debugger-agent=transport=dt_socket,embedding=1,server=y,suspend=n,address=127.0.0.1:56552
Begin MonoManager ReloadAssembly
Registering precompiled unity dll's ...
Register platform support module: D:/Unity/2020.2.3f1/Editor/Data/PlaybackEngines/WindowsStandaloneSupport/UnityEditor.WindowsStandalone.Extensions.dll
Registered in 0.002528 seconds.
Native extension for WindowsStandalone target not found
Refreshing native plugins compatible for Editor in 138.31 ms, found 0 plugins.
Preloading 0 native plugins for Editor in 0.00 ms.
Invoked RoslynAnalysisRunner static constructor.
RoslynAnalysisRunner will not be running.
RoslynAnalysisRunner has terminated.
Mono: successfully reloaded assembly
- Completed reload, in  3.656 seconds
Platform modules already initialized, skipping
Registering precompiled user dll's ...
Registered in 0.003587 seconds.
Begin MonoManager ReloadAssembly
Native extension for WindowsStandalone target not found
Refreshing native plugins compatible for Editor in 0.40 ms, found 0 plugins.
Preloading 0 native plugins for Editor in 0.00 ms.
Invoked RoslynAnalysisRunner static constructor.
RoslynAnalysisRunner will not be running.
RoslynAnalysisRunner has terminated.
Find all reader and writers took 132 milliseconds
Script Module: UnityEngine.UI.dll
Weave behaviours and messages took297 milliseconds
Find all reader and writers took 105 milliseconds
Script Module: SimpleWebTransport.dll
Weave behaviours and messages took12 milliseconds
Find all reader and writers took 100 milliseconds
Script Module: UnityEngine.TestRunner.dll
Weave behaviours and messages took45 milliseconds
Find all reader and writers took 112 milliseconds
Script Module: Mirror.Cloud.dll
Weave behaviours and messages took9 milliseconds
Find all reader and writers took 96 milliseconds
Script Module: Unity.Timeline.dll
Weave behaviours and messages took100 milliseconds
Find all reader and writers took 153 milliseconds
Script Module: Unity.TextMeshPro.dll
Weave behaviours and messages took213 milliseconds
Find all reader and writers took 92 milliseconds
Script Module: Mirror.Examples.Cloud.GUI.dll
Weave behaviours and messages took9 milliseconds
Find all reader and writers took 175 milliseconds
Script Module: kcp2k.dll
Weave behaviours and messages took16 milliseconds
Find all reader and writers took 61 milliseconds
Script Module: Telepathy.dll
Weave behaviours and messages took7 milliseconds
Find all reader and writers took 138 milliseconds
Script Module: UnityEditor.TestRunner.dll
Weave behaviours and messages took81 milliseconds
Find all reader and writers took 225 milliseconds
Script Module: UnityEditor.UI.dll
Weave behaviours and messages took39 milliseconds
Find all reader and writers took 183 milliseconds
Script Module: Mirror.CompilerSymbols.dll
Weave behaviours and messages took0 milliseconds
Mono: successfully reloaded assembly
- Completed reload, in  6.816 seconds
Platform modules already initialized, skipping
========================================================================
Worker process is ready to serve import requests
Launched and connected shader compiler UnityShaderCompiler.exe after 0.14 seconds
Refreshing native plugins compatible for Editor in 0.48 ms, found 0 plugins.
Preloading 0 native plugins for Editor in 0.00 ms.
Unloading 1359 Unused Serialized files (Serialized files now loaded: 0)
System memory in use before: 63.9 MB.
System memory in use after: 63.9 MB.

Unloading 15 unused Assets to reduce memory usage. Loaded Objects now: 1794.
Total: 7.507600 ms (FindLiveObjects: 0.251300 ms CreateObjectMapping: 0.128000 ms MarkObjects: 6.945700 ms  DeleteObjects: 0.180300 ms)

========================================================================
Received Import Request.
  path: Assets/Mirror/Authenticators/Mirror.Authenticators.asmdef
  artifactKey: Guid(e720aa64e3f58fb4880566a322584340) Importer(815301076,1909f56bfc062723c751e8b465ee728b)
Start importing Assets/Mirror/Authenticators/Mirror.Authenticators.asmdef using Guid(e720aa64e3f58fb4880566a322584340) Importer(815301076,1909f56bfc062723c751e8b465ee728b)  -> (artifact id: '80d4a4bc2b8c87635b5b57cd65701289') in 0.144984 seconds
  Import took 0.154855 seconds .

========================================================================
Received Import Request.
  Time since last request: 0.000781 seconds.
  path: Assets/Mirror/Authenticators
  artifactKey: Guid(1b2f9d254154cd942ba40b06b869b8f3) Importer(815301076,1909f56bfc062723c751e8b465ee728b)
Start importing Assets/Mirror/Authenticators using Guid(1b2f9d254154cd942ba40b06b869b8f3) Importer(815301076,1909f56bfc062723c751e8b465ee728b)  -> (artifact id: '5ada7769bb6d99996281b91a6f3cc2ff') in 0.040571 seconds
  Import took 0.050772 seconds .

========================================================================
Received Import Request.
  Time since last request: 0.000658 seconds.
  path: Assets/Mirror/Cloud/Mirror.Cloud.asmdef
  artifactKey: Guid(c21ba7b8c3183cb47b7fe3b3799d49c4) Importer(815301076,1909f56bfc062723c751e8b465ee728b)
Start importing Assets/Mirror/Cloud/Mirror.Cloud.asmdef using Guid(c21ba7b8c3183cb47b7fe3b3799d49c4) Importer(815301076,1909f56bfc062723c751e8b465ee728b)  -> (artifact id: '5e61300b6d940f95f00145c41ff0ea88') in 0.025352 seconds
  Import took 0.032872 seconds .

========================================================================
Received Import Request.
  Time since last request: 0.000562 seconds.
  path: Assets/Mirror/CompilerSymbols/Mirror.CompilerSymbols.asmdef
  artifactKey: Guid(325984b52e4128546bc7558552f8b1d2) Importer(815301076,1909f56bfc062723c751e8b465ee728b)
Start importing Assets/Mirror/CompilerSymbols/Mirror.CompilerSymbols.asmdef using Guid(325984b52e4128546bc7558552f8b1d2) Importer(815301076,1909f56bfc062723c751e8b465ee728b)  -> (artifact id: '37c71397630bc947017909bd498b8994') in 0.036889 seconds
  Import took 0.047797 seconds .

========================================================================
Received Prepare
Registering precompiled user dll's ...
Registered in 0.002504 seconds.
Begin MonoManager ReloadAssembly
Native extension for WindowsStandalone target not found
Refreshing native plugins compatible for Editor in 0.39 ms, found 0 plugins.
Preloading 0 native plugins for Editor in 0.00 ms.
Invoked RoslynAnalysisRunner static constructor.
RoslynAnalysisRunner will not be running.
RoslynAnalysisRunner has terminated.
Mono: successfully reloaded assembly
- Completed reload, in  1.695 seconds
Platform modules already initialized, skipping
Switching build target platform(5) subTarget(0) extendedPlatform(0) -> platform(13) subTarget(537395200) extendedPlatform(0)
Refreshing native plugins compatible for Editor in 0.64 ms, found 0 plugins.
Preloading 0 native plugins for Editor in 0.00 ms.
Unloading 1370 Unused Serialized files (Serialized files now loaded: 0)
System memory in use before: 64.2 MB.
System memory in use after: 64.3 MB.

Unloading 10 unused Assets to reduce memory usage. Loaded Objects now: 1809.
Total: 3.875700 ms (FindLiveObjects: 0.301100 ms CreateObjectMapping: 0.089900 ms MarkObjects: 3.361200 ms  DeleteObjects: 0.121500 ms)

AssetImportParameters requested are different than current active one (requested -> active):
  custom:graphics/normal-map-encoding: 01000000000000000000000000000000 -> 02000000000000000000000000000000
========================================================================
Received Import Request.
  Time since last request: 1230.954342 seconds.
  path: Assets/ParrelSync/ParrelSync
  artifactKey: Guid(8f5fec620d3bc9546a41a5b67cb9f8b6) Importer(815301076,1909f56bfc062723c751e8b465ee728b)
Start importing Assets/ParrelSync/ParrelSync using Guid(8f5fec620d3bc9546a41a5b67cb9f8b6) Importer(815301076,1909f56bfc062723c751e8b465ee728b)  -> (artifact id: '8c2c7f329546c5b5b3a4eada859d574b') in 0.015004 seconds
  Import took 0.019071 seconds .

========================================================================
Received Import Request.
  Time since last request: 0.083077 seconds.
  path: Assets/ParrelSync/ParrelSync/projectCloner.asmdef
  artifactKey: Guid(894a6cc6ed5cd2645bb542978cbed6a9) Importer(815301076,1909f56bfc062723c751e8b465ee728b)
Start importing Assets/ParrelSync/ParrelSync/projectCloner.asmdef using Guid(894a6cc6ed5cd2645bb542978cbed6a9) Importer(815301076,1909f56bfc062723c751e8b465ee728b)  -> (artifact id: '2160839eca8e376f40109faa9344aae5') in 0.020790 seconds
  Import took 0.028411 seconds .

========================================================================
Received Import Request.
  Time since last request: 4.222343 seconds.
  path: Assets/ParrelSync/ParrelSync/Editor
  artifactKey: Guid(a31ea7d0315594440839cdb0db6bc411) Importer(815301076,1909f56bfc062723c751e8b465ee728b)
Start importing Assets/ParrelSync/ParrelSync/Editor using Guid(a31ea7d0315594440839cdb0db6bc411) Importer(815301076,1909f56bfc062723c751e8b465ee728b)  -> (artifact id: '9685862ac941f8ac70eb285787185531') in 0.020451 seconds
  Import took 0.028118 seconds .

========================================================================
Received Import Request.
  Time since last request: 1.863057 seconds.
  path: Assets/ParrelSync/ParrelSync/Editor/ClonesManager.cs
  artifactKey: Guid(6148e48ed6b61d748b187d06d3687b83) Importer(815301076,1909f56bfc062723c751e8b465ee728b)
Start importing Assets/ParrelSync/ParrelSync/Editor/ClonesManager.cs using Guid(6148e48ed6b61d748b187d06d3687b83) Importer(815301076,1909f56bfc062723c751e8b465ee728b)  -> (artifact id: 'e8284e42b7b4b0cc60653e31be0520c0') in 0.045204 seconds
  Import took 0.053000 seconds .

========================================================================
Received Import Request.
  Time since last request: 1167.522905 seconds.
  path: Assets/Mirror/Examples/Mirror.Examples.asmdef
  artifactKey: Guid(fecf25954bb196642ab50657689761d6) Importer(815301076,1909f56bfc062723c751e8b465ee728b)
Start importing Assets/Mirror/Examples/Mirror.Examples.asmdef using Guid(fecf25954bb196642ab50657689761d6) Importer(815301076,1909f56bfc062723c751e8b465ee728b)  -> (artifact id: '31ffc70fe8058948f71a8d35186399b3') in 0.008492 seconds
  Import took 0.020470 seconds .

========================================================================
Received Import Request.
  Time since last request: 0.001056 seconds.
  path: Assets/Mirror/Examples
  artifactKey: Guid(a08b1f591326642d1b140fc818c9c6b1) Importer(815301076,1909f56bfc062723c751e8b465ee728b)
Start importing Assets/Mirror/Examples using Guid(a08b1f591326642d1b140fc818c9c6b1) Importer(815301076,1909f56bfc062723c751e8b465ee728b)  -> (artifact id: 'e70129710c6f4a3c599c585866ac1905') in 0.008383 seconds
  Import took 0.017208 seconds .

========================================================================
Received Import Request.
  Time since last request: 0.105864 seconds.
  path: Assets/Mirror/Examples
  artifactKey: Guid(a08b1f591326642d1b140fc818c9c6b1) Importer(815301076,1909f56bfc062723c751e8b465ee728b)
Start importing Assets/Mirror/Examples using Guid(a08b1f591326642d1b140fc818c9c6b1) Importer(815301076,1909f56bfc062723c751e8b465ee728b)  -> (artifact id: 'e70129710c6f4a3c599c585866ac1905') in 0.011340 seconds
  Import took 0.020741 seconds .

========================================================================
Received Import Request.
  Time since last request: 2.972158 seconds.
  path: Assets/Mirror/Examples/Pong
  artifactKey: Guid(2220cb06641bd40be8c8330b3b4dd0ee) Importer(815301076,1909f56bfc062723c751e8b465ee728b)
Start importing Assets/Mirror/Examples/Pong using Guid(2220cb06641bd40be8c8330b3b4dd0ee) Importer(815301076,1909f56bfc062723c751e8b465ee728b)  -> (artifact id: '5cfd829380f1fec4aaf2bcd04c0f06bd') in 0.008141 seconds
  Import took 0.017366 seconds .

========================================================================
Received Import Request.
  Time since last request: 0.001683 seconds.
  path: Assets/Mirror/Examples/Pong
  artifactKey: Guid(2220cb06641bd40be8c8330b3b4dd0ee) Importer(815301076,1909f56bfc062723c751e8b465ee728b)
Start importing Assets/Mirror/Examples/Pong using Guid(2220cb06641bd40be8c8330b3b4dd0ee) Importer(815301076,1909f56bfc062723c751e8b465ee728b)  -> (artifact id: '5cfd829380f1fec4aaf2bcd04c0f06bd') in 0.006642 seconds
  Import took 0.015324 seconds .

========================================================================
Received Import Request.
  Time since last request: 1.336902 seconds.
  path: Assets/Mirror/Examples/Pong/Scenes
  artifactKey: Guid(00c56c45628954f44aa4d944cbd9bfca) Importer(815301076,1909f56bfc062723c751e8b465ee728b)
Start importing Assets/Mirror/Examples/Pong/Scenes using Guid(00c56c45628954f44aa4d944cbd9bfca) Importer(815301076,1909f56bfc062723c751e8b465ee728b)  -> (artifact id: '303d8379d6d57234b7a9e1c2171162c1') in 0.008082 seconds
  Import took 0.018851 seconds .

========================================================================
Received Import Request.
  Time since last request: 1.434377 seconds.
  path: Assets/Mirror/Examples/Pong/Scenes/Scene.unity
  artifactKey: Guid(89a84548859e3b643b4fb27984dc2b0d) Importer(815301076,1909f56bfc062723c751e8b465ee728b)
Start importing Assets/Mirror/Examples/Pong/Scenes/Scene.unity using Guid(89a84548859e3b643b4fb27984dc2b0d) Importer(815301076,1909f56bfc062723c751e8b465ee728b)  -> (artifact id: 'bc07097ca217f3ff5d49a67123e40246') in 0.035690 seconds
  Import took 0.043170 seconds .

========================================================================
Received Prepare
Registering precompiled user dll's ...
Registered in 0.016614 seconds.
Begin MonoManager ReloadAssembly
Native extension for WindowsStandalone target not found
Refreshing native plugins compatible for Editor in 2.01 ms, found 0 plugins.
Preloading 0 native plugins for Editor in 0.00 ms.
Invoked RoslynAnalysisRunner static constructor.
RoslynAnalysisRunner will not be running.
RoslynAnalysisRunner has terminated.
Mono: successfully reloaded assembly
- Completed reload, in  6.374 seconds
Platform modules already initialized, skipping
Switching build target platform(5) subTarget(0) extendedPlatform(0) -> platform(13) subTarget(537395200) extendedPlatform(0)
Refreshing native plugins compatible for Editor in 3.18 ms, found 0 plugins.
Preloading 0 native plugins for Editor in 0.00 ms.
Unloading 1370 Unused Serialized files (Serialized files now loaded: 0)
System memory in use before: 64.2 MB.
System memory in use after: 64.3 MB.

Unloading 10 unused Assets to reduce memory usage. Loaded Objects now: 1811.
Total: 9.383600 ms (FindLiveObjects: 0.500700 ms CreateObjectMapping: 0.290400 ms MarkObjects: 8.174700 ms  DeleteObjects: 0.411000 ms)

AssetImportParameters requested are different than current active one (requested -> active):
  custom:graphics/normal-map-encoding: 01000000000000000000000000000000 -> 02000000000000000000000000000000
========================================================================
Received Import Request.
  Time since last request: 3159.718760 seconds.
  path: Assets/Mirror/Examples/Chat
  artifactKey: Guid(92165d23a248449f58d0be75d794a127) Importer(815301076,1909f56bfc062723c751e8b465ee728b)
Start importing Assets/Mirror/Examples/Chat using Guid(92165d23a248449f58d0be75d794a127) Importer(815301076,1909f56bfc062723c751e8b465ee728b)  -> (artifact id: '1d8d17a28b15128abf3fbe1824da6705') in 0.081136 seconds
  Import took 0.126768 seconds .

========================================================================
Received Import Request.
  Time since last request: 1.533775 seconds.
  path: Assets/Mirror/Examples/Chat/Scenes
  artifactKey: Guid(71f6f21bb51d14dc0b231a8488826aac) Importer(815301076,1909f56bfc062723c751e8b465ee728b)
Start importing Assets/Mirror/Examples/Chat/Scenes using Guid(71f6f21bb51d14dc0b231a8488826aac) Importer(815301076,1909f56bfc062723c751e8b465ee728b)  -> (artifact id: '041dd83991d8f1e3d3544dfaff1d7335') in 0.012171 seconds
  Import took 0.016695 seconds .

========================================================================
Received Import Request.
  Time since last request: 0.800849 seconds.
  path: Assets/Mirror/Examples/Chat/Scenes/Main.unity
  artifactKey: Guid(f4e8d4de4484e44bba666f2d1f66c73e) Importer(815301076,1909f56bfc062723c751e8b465ee728b)
Start importing Assets/Mirror/Examples/Chat/Scenes/Main.unity using Guid(f4e8d4de4484e44bba666f2d1f66c73e) Importer(815301076,1909f56bfc062723c751e8b465ee728b)  -> (artifact id: '3c14c6fecabf28454e4508d49be3a8e9') in 0.067268 seconds
  Import took 0.071639 seconds .

========================================================================
Received Prepare
Registering precompiled user dll's ...
Registered in 0.004390 seconds.
Begin MonoManager ReloadAssembly
Native extension for WindowsStandalone target not found
Refreshing native plugins compatible for Editor in 0.53 ms, found 0 plugins.
Preloading 0 native plugins for Editor in 0.00 ms.
Invoked RoslynAnalysisRunner static constructor.
RoslynAnalysisRunner will not be running.
RoslynAnalysisRunner has terminated.
Mono: successfully reloaded assembly
- Completed reload, in  1.862 seconds
Platform modules already initialized, skipping
Switching build target platform(5) subTarget(0) extendedPlatform(0) -> platform(13) subTarget(537395200) extendedPlatform(0)
Refreshing native plugins compatible for Editor in 0.72 ms, found 0 plugins.
Preloading 0 native plugins for Editor in 0.00 ms.
Unloading 1370 Unused Serialized files (Serialized files now loaded: 0)
System memory in use before: 64.2 MB.
System memory in use after: 64.3 MB.

Unloading 10 unused Assets to reduce memory usage. Loaded Objects now: 1813.
Total: 3.843200 ms (FindLiveObjects: 0.262500 ms CreateObjectMapping: 0.079400 ms MarkObjects: 3.347000 ms  DeleteObjects: 0.151800 ms)

AssetImportParameters requested are different than current active one (requested -> active):
  custom:graphics/normal-map-encoding: 01000000000000000000000000000000 -> 02000000000000000000000000000000
========================================================================
Received Prepare
Registering precompiled user dll's ...
Registered in 0.005457 seconds.
Begin MonoManager ReloadAssembly
Native extension for WindowsStandalone target not found
Refreshing native plugins compatible for Editor in 0.49 ms, found 0 plugins.
Preloading 0 native plugins for Editor in 0.00 ms.
Invoked RoslynAnalysisRunner static constructor.
RoslynAnalysisRunner will not be running.
RoslynAnalysisRunner has terminated.
Mono: successfully reloaded assembly
- Completed reload, in  2.511 seconds
Platform modules already initialized, skipping
Switching build target platform(5) subTarget(0) extendedPlatform(0) -> platform(13) subTarget(537395200) extendedPlatform(0)
Refreshing native plugins compatible for Editor in 0.88 ms, found 0 plugins.
Preloading 0 native plugins for Editor in 0.00 ms.
Unloading 1370 Unused Serialized files (Serialized files now loaded: 0)
System memory in use before: 64.2 MB.
System memory in use after: 64.3 MB.

Unloading 10 unused Assets to reduce memory usage. Loaded Objects now: 1815.
Total: 4.652900 ms (FindLiveObjects: 0.425000 ms CreateObjectMapping: 0.100000 ms MarkObjects: 4.025000 ms  DeleteObjects: 0.095900 ms)

AssetImportParameters requested are different than current active one (requested -> active):
  custom:graphics/normal-map-encoding: 01000000000000000000000000000000 -> 02000000000000000000000000000000
========================================================================
Received Prepare
Switching build target platform(13) subTarget(537395200) extendedPlatform(0) -> platform(13) subTarget(524288) extendedPlatform(0)
Refreshing native plugins compatible for Editor in 1.46 ms, found 0 plugins.
Preloading 0 native plugins for Editor in 0.00 ms.
Unloading 8 Unused Serialized files (Serialized files now loaded: 0)
System memory in use before: 37.0 MB.
System memory in use after: 37.1 MB.

Unloading 8 unused Assets to reduce memory usage. Loaded Objects now: 1815.
Total: 2.874700 ms (FindLiveObjects: 0.193800 ms CreateObjectMapping: 0.045700 ms MarkObjects: 2.540400 ms  DeleteObjects: 0.092900 ms)

AssetImportParameters requested are different than current active one (requested -> active):
  buildTarget: platform 13, subtarget 524288, extendedPlatform 0 -> platform 13, subtarget 537395200, extendedPlatform 0
  graphicsApiMask: 2048 -> 2099200
AssetImportWorkerClient::OnTransportError - code=2 error=End of file
